#
# A fatal error has been detected by the Java Runtime Environment:
#
#  EXCEPTION_ACCESS_VIOLATION (0xc0000005) at pc=0x00007ff93b7be53b, pid=11376, tid=9620
#
# JRE version: OpenJDK Runtime Environment (15.0.2+7) (build 15.0.2+7-27)
# Java VM: OpenJDK 64-Bit Server VM (15.0.2+7-27, mixed mode, tiered, compressed oops, g1 gc, windows-amd64)
# Problematic frame:
# V  [jvm.dll+0x5de53b]
#
# No core dump will be written. Minidumps are not enabled by default on client versions of Windows
#
# If you would like to submit a bug report, please visit:
#   https://bugreport.java.com/bugreport/crash.jsp
#

---------------  S U M M A R Y ------------

Command Line: -XX:+ShowCodeDetailsInExceptionMessages -agentlib:jdwp=transport=dt_socket,suspend=y,address=localhost:65238 -javaagent:C:\eclipse\configuration\org.eclipse.osgi\412\0\.cp\lib\javaagent-shaded.jar -Dfile.encoding=utf-8 Ex0510_05

Host: Intel(R) Core(TM) i5-8400 CPU @ 2.80GHz, 6 cores, 15G,  Windows 10 , 64 bit Build 19041 (10.0.19041.928)
Time: Mon May 10 16:39:25 2021 대한민국 표준시 elapsed time: 63.176470 seconds (0d 0h 1m 3s)

---------------  T H R E A D  ---------------

Current thread (0x0000028e7f31a210):  VMThread "VM Thread" [stack: 0x000000ee12f00000,0x000000ee13000000] [id=9620] _threads_hazard_ptr=0x0000028e02102bb0

Stack: [0x000000ee12f00000,0x000000ee13000000],  sp=0x000000ee12ffdef0,  free space=1015k
Native frames: (J=compiled Java code, j=interpreted, Vv=VM code, C=native code)
V  [jvm.dll+0x5de53b]
V  [jvm.dll+0x4dda2a]
V  [jvm.dll+0x4db8f3]
V  [jvm.dll+0x78426b]
V  [jvm.dll+0x7880a3]
V  [jvm.dll+0x788965]
V  [jvm.dll+0x788b9e]
V  [jvm.dll+0x73d75a]
V  [jvm.dll+0x629c56]
C  [ucrtbase.dll+0x21bb2]
C  [KERNEL32.DLL+0x17034]
C  [ntdll.dll+0x52651]


siginfo: EXCEPTION_ACCESS_VIOLATION (0xc0000005), reading address 0xffffffffffffffff


Register to memory mapping:

RIP=0x00007ff93b7be53b jvm.dll
RAX=0x0000028e7fb382ca is pointing into metadata
RBX={method} {0x0000028e7fb38320} 
[error occurred during error reporting (printing register info), id 0xc0000005, EXCEPTION_ACCESS_VIOLATION (0xc0000005) at pc=0x00007ff93b7c0653]

Registers:
RAX=0x0000028e7fb382ca, RBX=0x0000028e7fb38318, RCX=0x80c0000000000000, RDX=0x000000ee12ffdf10
RSP=0x000000ee12ffdef0, RBP=0x0000028e7f310510, RSI=0x0000000000000001, RDI=0x0000028e621060a0
R8 =0x0000028e7f3077f0, R9 =0x000000ee12ffdfc0, R10=0x0000000000000000, R11=0x0000000000000000
R12=0x0000028e02089dd0, R13=0x0000028e7f308230, R14=0x0000000000000000, R15=0x0000028e7f310500
RIP=0x00007ff93b7be53b, EFLAGS=0x0000000000010202

Top of Stack: (sp=0x000000ee12ffdef0)
0x000000ee12ffdef0:   0000028e7fb38318 0000000000000001
0x000000ee12ffdf00:   0000028e65ac8a90 0000000000000000
0x000000ee12ffdf10:   0000028e7fb38318 0000028e7f31a210
0x000000ee12ffdf20:   0000000000000000 00007ff93b6bda2a
0x000000ee12ffdf30:   0000028e7fb38318 0000028e7f515d70
0x000000ee12ffdf40:   00000007121e9200 0000028e620a21c0
0x000000ee12ffdf50:   0000028e7f310510 0000028e7f310500
0x000000ee12ffdf60:   0000000000000001 00000000000003d8
0x000000ee12ffdf70:   0000028e7f3108e8 000000ee139ff040
0x000000ee12ffdf80:   0000028e7f31a210 0000028e7f3077f0
0x000000ee12ffdf90:   0000028e7f31a530 0000028e7f31a540
0x000000ee12ffdfa0:   0000028e7f31a618 00000000000000d8
0x000000ee12ffdfb0:   000000ee12fff4b0 0000000000000000
0x000000ee12ffdfc0:   0000000000000000 0000000000000000
0x000000ee12ffdfd0:   0000000000000000 0000000000000000
0x000000ee12ffdfe0:   000000ee138ff310 000000ee138ff310 

Instructions: (pc=0x00007ff93b7be53b)
0x00007ff93b7be43b:   cc cc cc cc cc 4c 8b 49 08 45 0f b7 41 28 45 85
0x00007ff93b7be44b:   c0 74 73 b8 cd cc cc cc 41 f7 e0 c1 ea 02 8d 0c
0x00007ff93b7be45b:   92 44 3b c1 75 60 41 80 79 38 2a 49 8d 49 38 75
0x00007ff93b7be46b:   55 80 79 01 b7 75 4f 49 ff c8 41 80 3c 08 b1 75
0x00007ff93b7be47b:   45 49 83 f8 04 7e 3c 49 c7 c1 fe ff ff ff 48 8d
0x00007ff93b7be48b:   41 06 4c 2b c9 80 78 fe 2a 75 2b 0f b6 50 ff 8d
0x00007ff93b7be49b:   4a ff f6 c1 f5 75 05 80 fa 09 75 05 80 fa 0e 75
0x00007ff93b7be4ab:   15 80 38 b5 75 10 48 83 c0 05 49 8d 0c 01 49 3b
0x00007ff93b7be4bb:   c8 7c d2 b0 01 c3 32 c0 c3 cc cc cc cc cc cc cc
0x00007ff93b7be4cb:   cc cc cc cc cc 48 89 5c 24 10 57 48 83 ec 30 65
0x00007ff93b7be4db:   48 8b 04 25 58 00 00 00 48 8b d9 8b 15 e0 19 4f
0x00007ff93b7be4eb:   00 48 8b 3c d0 b8 40 00 00 00 80 3c 38 00 75 05
0x00007ff93b7be4fb:   e8 0c a6 1f 00 b9 08 00 00 00 48 89 5c 24 20 48
0x00007ff93b7be50b:   8b 0c 39 48 89 4c 24 28 48 85 db 74 16 48 8b 89
0x00007ff93b7be51b:   a0 02 00 00 48 8d 54 24 40 48 89 5c 24 40 e8 e2
0x00007ff93b7be52b:   de a2 ff 48 8b 43 08 48 8d 54 24 20 48 8b 48 08
0x00007ff93b7be53b:   48 8b 49 18 e8 9c ad d5 ff 48 8d 4c 24 20 48 8b
0x00007ff93b7be54b:   d8 e8 5f 5f d3 ff 48 8b c3 48 8b 5c 24 48 48 83
0x00007ff93b7be55b:   c4 30 5f c3 cc 40 53 48 83 ec 20 48 8b 81 98 00
0x00007ff93b7be56b:   00 00 48 8b d9 48 8b 48 08 48 85 c9 74 39 ff 15
0x00007ff93b7be57b:   89 5a 41 00 48 85 c0 74 2e 48 8b 83 98 00 00 00
0x00007ff93b7be58b:   48 8b 48 08 48 85 c9 75 04 33 c0 eb 06 ff 15 6a
0x00007ff93b7be59b:   5a 41 00 48 8b c8 e8 da 74 12 00 84 c0 75 08 33
0x00007ff93b7be5ab:   c0 48 83 c4 20 5b c3 48 8b 4b 18 48 83 c4 20 5b
0x00007ff93b7be5bb:   e9 d0 8a 1a 00 48 8b 41 08 48 8b 48 08 48 8b 41
0x00007ff93b7be5cb:   18 48 8b 40 18 c3 cc cc cc cc cc cc cc cc cc cc
0x00007ff93b7be5db:   cc cc cc cc cc 48 89 5c 24 08 48 89 74 24 10 57
0x00007ff93b7be5eb:   48 83 ec 40 33 ff be ff ff ff ff 3b d6 8b df 0f
0x00007ff93b7be5fb:   45 da 85 db 0f 88 be 00 00 00 48 8b 49 08 0f b7
0x00007ff93b7be60b:   41 28 3b d8 0f 8d ae 00 00 00 f6 41 24 01 0f 84
0x00007ff93b7be61b:   a4 00 00 00 e8 fc d1 c2 ff 8b d7 48 89 44 24 20
0x00007ff93b7be62b:   89 54 24 30 4c 8b d0 44 8b cf 89 7c 24 28 44 8b 


Stack slot to memory mapping:
stack at sp + 0 slots: {method} {0x0000028e7fb38320} 
[error occurred during error reporting (inspecting top of stack), id 0xc0000005, EXCEPTION_ACCESS_VIOLATION (0xc0000005) at pc=0x00007ff93b7c0653]

VM_Operation (0x000000ee139feea0): GetStackTrace, mode: safepoint, requested by thread 0x0000028e7f6c6140


---------------  P R O C E S S  ---------------

Threads class SMR info:
_java_thread_list=0x0000028e02102bb0, length=14, elements={
0x0000028e620a21c0, 0x0000028e7f350010, 0x0000028e7f350ac0, 0x0000028e7f3603b0,
0x0000028e7f360d70, 0x0000028e7f362830, 0x0000028e7f366930, 0x0000028e7f38ce90,
0x0000028e7f38d790, 0x0000028e7eaaa7f0, 0x0000028e7f6c6140, 0x0000028e7f695b10,
0x0000028e02050200, 0x0000028e7f671a30
}

Java Threads: ( => current thread )
  0x0000028e620a21c0 JavaThread "main" [_thread_blocked, id=3524, stack(0x000000ee12900000,0x000000ee12a00000)]
  0x0000028e7f350010 JavaThread "Reference Handler" daemon [_thread_blocked, id=1304, stack(0x000000ee13000000,0x000000ee13100000)]
  0x0000028e7f350ac0 JavaThread "Finalizer" daemon [_thread_blocked, id=7980, stack(0x000000ee13100000,0x000000ee13200000)]
  0x0000028e7f3603b0 JavaThread "Signal Dispatcher" daemon [_thread_blocked, id=12096, stack(0x000000ee13200000,0x000000ee13300000)]
  0x0000028e7f360d70 JavaThread "Attach Listener" daemon [_thread_blocked, id=4804, stack(0x000000ee13300000,0x000000ee13400000)]
  0x0000028e7f362830 JavaThread "Service Thread" daemon [_thread_blocked, id=8220, stack(0x000000ee13400000,0x000000ee13500000)]
  0x0000028e7f366930 JavaThread "C2 CompilerThread0" daemon [_thread_blocked, id=9704, stack(0x000000ee13500000,0x000000ee13600000)]
  0x0000028e7f38ce90 JavaThread "C1 CompilerThread0" daemon [_thread_blocked, id=2740, stack(0x000000ee13600000,0x000000ee13700000)]
  0x0000028e7f38d790 JavaThread "Sweeper thread" daemon [_thread_blocked, id=11868, stack(0x000000ee13700000,0x000000ee13800000)]
  0x0000028e7eaaa7f0 JavaThread "Common-Cleaner" daemon [_thread_blocked, id=8572, stack(0x000000ee13800000,0x000000ee13900000)]
  0x0000028e7f6c6140 JavaThread "JDWP Transport Listener: dt_socket" daemon [_thread_blocked, id=4820, stack(0x000000ee13900000,0x000000ee13a00000)] _threads_hazard_ptr=0x0000028e02102bb0
  0x0000028e7f695b10 JavaThread "JDWP Event Helper Thread" daemon [_thread_blocked, id=12048, stack(0x000000ee13a00000,0x000000ee13b00000)]
  0x0000028e02050200 JavaThread "JDWP Command Reader" daemon [_thread_in_native, id=2448, stack(0x000000ee13b00000,0x000000ee13c00000)]
  0x0000028e7f671a30 JavaThread "Notification Thread" daemon [_thread_blocked, id=3480, stack(0x000000ee13d00000,0x000000ee13e00000)]

Other Threads:
=>0x0000028e7f31a210 VMThread "VM Thread" [stack: 0x000000ee12f00000,0x000000ee13000000] [id=9620]
  0x0000028e620a32f0 WatcherThread [stack: 0x000000ee13e00000,0x000000ee13f00000] [id=6256]
  0x0000028e620f11b0 GCTaskThread "GC Thread#0" [stack: 0x000000ee12a00000,0x000000ee12b00000] [id=9512]
  0x0000028e62102240 ConcurrentGCThread "G1 Main Marker" [stack: 0x000000ee12b00000,0x000000ee12c00000] [id=12400]
  0x0000028e62103650 ConcurrentGCThread "G1 Conc#0" [stack: 0x000000ee12c00000,0x000000ee12d00000] [id=5380]
  0x0000028e621718f0 ConcurrentGCThread "G1 Refine#0" [stack: 0x000000ee12d00000,0x000000ee12e00000] [id=7392]
  0x0000028e7e9424b0 ConcurrentGCThread "G1 Young RemSet Sampling" [stack: 0x000000ee12e00000,0x000000ee12f00000] [id=10476]

Threads with active compile tasks:

VM state: at safepoint (normal execution)

VM Mutex/Monitor currently owned by a thread:  ([mutex/lock_event])
[0x0000028e6209cef0] Threads_lock - owner thread: 0x0000028e7f31a210

Heap address: 0x0000000702400000, size: 4060 MB, Compressed Oops mode: Zero based, Oop shift amount: 3
CDS disabled.
Compressed class space mapped at: 0x0000000800000000-0x0000000840000000, size: 1073741824
Narrow klass base: 0x0000000800000000, Narrow klass shift: 0, Narrow klass range: 0x40000000

GC Precious Log:
 CPUs: 6 total, 6 available
 Memory: 16236M
 Large Page Support: Disabled
 NUMA Support: Disabled
 Compressed Oops: Enabled (Zero based)
 Heap Region Size: 2M
 Heap Min Capacity: 8M
 Heap Initial Capacity: 254M
 Heap Max Capacity: 4060M
 Pre-touch: Disabled
 Parallel Workers: 6
 Concurrent Workers: 2
 Concurrent Refinement Workers: 6
 Periodic GC: Disabled

Heap:
 garbage-first heap   total 260096K, used 4096K [0x0000000702400000, 0x0000000800000000)
  region size 2048K, 3 young (6144K), 0 survivors (0K)
 Metaspace       used 9479K, capacity 9592K, committed 9856K, reserved 1058816K
  class space    used 813K, capacity 855K, committed 896K, reserved 1048576K

Heap Regions: E=young(eden), S=young(survivor), O=old, HS=humongous(starts), HC=humongous(continues), CS=collection set, F=free, OA=open archive, CA=closed archive, TAMS=top-at-mark-start (previous, next)
|   0|0x0000000702400000, 0x0000000702400000, 0x0000000702600000|  0%| F|  |TAMS 0x0000000702400000, 0x0000000702400000| Untracked 
|   1|0x0000000702600000, 0x0000000702600000, 0x0000000702800000|  0%| F|  |TAMS 0x0000000702600000, 0x0000000702600000| Untracked 
|   2|0x0000000702800000, 0x0000000702800000, 0x0000000702a00000|  0%| F|  |TAMS 0x0000000702800000, 0x0000000702800000| Untracked 
|   3|0x0000000702a00000, 0x0000000702a00000, 0x0000000702c00000|  0%| F|  |TAMS 0x0000000702a00000, 0x0000000702a00000| Untracked 
|   4|0x0000000702c00000, 0x0000000702c00000, 0x0000000702e00000|  0%| F|  |TAMS 0x0000000702c00000, 0x0000000702c00000| Untracked 
|   5|0x0000000702e00000, 0x0000000702e00000, 0x0000000703000000|  0%| F|  |TAMS 0x0000000702e00000, 0x0000000702e00000| Untracked 
|   6|0x0000000703000000, 0x0000000703000000, 0x0000000703200000|  0%| F|  |TAMS 0x0000000703000000, 0x0000000703000000| Untracked 
|   7|0x0000000703200000, 0x0000000703200000, 0x0000000703400000|  0%| F|  |TAMS 0x0000000703200000, 0x0000000703200000| Untracked 
|   8|0x0000000703400000, 0x0000000703400000, 0x0000000703600000|  0%| F|  |TAMS 0x0000000703400000, 0x0000000703400000| Untracked 
|   9|0x0000000703600000, 0x0000000703600000, 0x0000000703800000|  0%| F|  |TAMS 0x0000000703600000, 0x0000000703600000| Untracked 
|  10|0x0000000703800000, 0x0000000703800000, 0x0000000703a00000|  0%| F|  |TAMS 0x0000000703800000, 0x0000000703800000| Untracked 
|  11|0x0000000703a00000, 0x0000000703a00000, 0x0000000703c00000|  0%| F|  |TAMS 0x0000000703a00000, 0x0000000703a00000| Untracked 
|  12|0x0000000703c00000, 0x0000000703c00000, 0x0000000703e00000|  0%| F|  |TAMS 0x0000000703c00000, 0x0000000703c00000| Untracked 
|  13|0x0000000703e00000, 0x0000000703e00000, 0x0000000704000000|  0%| F|  |TAMS 0x0000000703e00000, 0x0000000703e00000| Untracked 
|  14|0x0000000704000000, 0x0000000704000000, 0x0000000704200000|  0%| F|  |TAMS 0x0000000704000000, 0x0000000704000000| Untracked 
|  15|0x0000000704200000, 0x0000000704200000, 0x0000000704400000|  0%| F|  |TAMS 0x0000000704200000, 0x0000000704200000| Untracked 
|  16|0x0000000704400000, 0x0000000704400000, 0x0000000704600000|  0%| F|  |TAMS 0x0000000704400000, 0x0000000704400000| Untracked 
|  17|0x0000000704600000, 0x0000000704600000, 0x0000000704800000|  0%| F|  |TAMS 0x0000000704600000, 0x0000000704600000| Untracked 
|  18|0x0000000704800000, 0x0000000704800000, 0x0000000704a00000|  0%| F|  |TAMS 0x0000000704800000, 0x0000000704800000| Untracked 
|  19|0x0000000704a00000, 0x0000000704a00000, 0x0000000704c00000|  0%| F|  |TAMS 0x0000000704a00000, 0x0000000704a00000| Untracked 
|  20|0x0000000704c00000, 0x0000000704c00000, 0x0000000704e00000|  0%| F|  |TAMS 0x0000000704c00000, 0x0000000704c00000| Untracked 
|  21|0x0000000704e00000, 0x0000000704e00000, 0x0000000705000000|  0%| F|  |TAMS 0x0000000704e00000, 0x0000000704e00000| Untracked 
|  22|0x0000000705000000, 0x0000000705000000, 0x0000000705200000|  0%| F|  |TAMS 0x0000000705000000, 0x0000000705000000| Untracked 
|  23|0x0000000705200000, 0x0000000705200000, 0x0000000705400000|  0%| F|  |TAMS 0x0000000705200000, 0x0000000705200000| Untracked 
|  24|0x0000000705400000, 0x0000000705400000, 0x0000000705600000|  0%| F|  |TAMS 0x0000000705400000, 0x0000000705400000| Untracked 
|  25|0x0000000705600000, 0x0000000705600000, 0x0000000705800000|  0%| F|  |TAMS 0x0000000705600000, 0x0000000705600000| Untracked 
|  26|0x0000000705800000, 0x0000000705800000, 0x0000000705a00000|  0%| F|  |TAMS 0x0000000705800000, 0x0000000705800000| Untracked 
|  27|0x0000000705a00000, 0x0000000705a00000, 0x0000000705c00000|  0%| F|  |TAMS 0x0000000705a00000, 0x0000000705a00000| Untracked 
|  28|0x0000000705c00000, 0x0000000705c00000, 0x0000000705e00000|  0%| F|  |TAMS 0x0000000705c00000, 0x0000000705c00000| Untracked 
|  29|0x0000000705e00000, 0x0000000705e00000, 0x0000000706000000|  0%| F|  |TAMS 0x0000000705e00000, 0x0000000705e00000| Untracked 
|  30|0x0000000706000000, 0x0000000706000000, 0x0000000706200000|  0%| F|  |TAMS 0x0000000706000000, 0x0000000706000000| Untracked 
|  31|0x0000000706200000, 0x0000000706200000, 0x0000000706400000|  0%| F|  |TAMS 0x0000000706200000, 0x0000000706200000| Untracked 
|  32|0x0000000706400000, 0x0000000706400000, 0x0000000706600000|  0%| F|  |TAMS 0x0000000706400000, 0x0000000706400000| Untracked 
|  33|0x0000000706600000, 0x0000000706600000, 0x0000000706800000|  0%| F|  |TAMS 0x0000000706600000, 0x0000000706600000| Untracked 
|  34|0x0000000706800000, 0x0000000706800000, 0x0000000706a00000|  0%| F|  |TAMS 0x0000000706800000, 0x0000000706800000| Untracked 
|  35|0x0000000706a00000, 0x0000000706a00000, 0x0000000706c00000|  0%| F|  |TAMS 0x0000000706a00000, 0x0000000706a00000| Untracked 
|  36|0x0000000706c00000, 0x0000000706c00000, 0x0000000706e00000|  0%| F|  |TAMS 0x0000000706c00000, 0x0000000706c00000| Untracked 
|  37|0x0000000706e00000, 0x0000000706e00000, 0x0000000707000000|  0%| F|  |TAMS 0x0000000706e00000, 0x0000000706e00000| Untracked 
|  38|0x0000000707000000, 0x0000000707000000, 0x0000000707200000|  0%| F|  |TAMS 0x0000000707000000, 0x0000000707000000| Untracked 
|  39|0x0000000707200000, 0x0000000707200000, 0x0000000707400000|  0%| F|  |TAMS 0x0000000707200000, 0x0000000707200000| Untracked 
|  40|0x0000000707400000, 0x0000000707400000, 0x0000000707600000|  0%| F|  |TAMS 0x0000000707400000, 0x0000000707400000| Untracked 
|  41|0x0000000707600000, 0x0000000707600000, 0x0000000707800000|  0%| F|  |TAMS 0x0000000707600000, 0x0000000707600000| Untracked 
|  42|0x0000000707800000, 0x0000000707800000, 0x0000000707a00000|  0%| F|  |TAMS 0x0000000707800000, 0x0000000707800000| Untracked 
|  43|0x0000000707a00000, 0x0000000707a00000, 0x0000000707c00000|  0%| F|  |TAMS 0x0000000707a00000, 0x0000000707a00000| Untracked 
|  44|0x0000000707c00000, 0x0000000707c00000, 0x0000000707e00000|  0%| F|  |TAMS 0x0000000707c00000, 0x0000000707c00000| Untracked 
|  45|0x0000000707e00000, 0x0000000707e00000, 0x0000000708000000|  0%| F|  |TAMS 0x0000000707e00000, 0x0000000707e00000| Untracked 
|  46|0x0000000708000000, 0x0000000708000000, 0x0000000708200000|  0%| F|  |TAMS 0x0000000708000000, 0x0000000708000000| Untracked 
|  47|0x0000000708200000, 0x0000000708200000, 0x0000000708400000|  0%| F|  |TAMS 0x0000000708200000, 0x0000000708200000| Untracked 
|  48|0x0000000708400000, 0x0000000708400000, 0x0000000708600000|  0%| F|  |TAMS 0x0000000708400000, 0x0000000708400000| Untracked 
|  49|0x0000000708600000, 0x0000000708600000, 0x0000000708800000|  0%| F|  |TAMS 0x0000000708600000, 0x0000000708600000| Untracked 
|  50|0x0000000708800000, 0x0000000708800000, 0x0000000708a00000|  0%| F|  |TAMS 0x0000000708800000, 0x0000000708800000| Untracked 
|  51|0x0000000708a00000, 0x0000000708a00000, 0x0000000708c00000|  0%| F|  |TAMS 0x0000000708a00000, 0x0000000708a00000| Untracked 
|  52|0x0000000708c00000, 0x0000000708c00000, 0x0000000708e00000|  0%| F|  |TAMS 0x0000000708c00000, 0x0000000708c00000| Untracked 
|  53|0x0000000708e00000, 0x0000000708e00000, 0x0000000709000000|  0%| F|  |TAMS 0x0000000708e00000, 0x0000000708e00000| Untracked 
|  54|0x0000000709000000, 0x0000000709000000, 0x0000000709200000|  0%| F|  |TAMS 0x0000000709000000, 0x0000000709000000| Untracked 
|  55|0x0000000709200000, 0x0000000709200000, 0x0000000709400000|  0%| F|  |TAMS 0x0000000709200000, 0x0000000709200000| Untracked 
|  56|0x0000000709400000, 0x0000000709400000, 0x0000000709600000|  0%| F|  |TAMS 0x0000000709400000, 0x0000000709400000| Untracked 
|  57|0x0000000709600000, 0x0000000709600000, 0x0000000709800000|  0%| F|  |TAMS 0x0000000709600000, 0x0000000709600000| Untracked 
|  58|0x0000000709800000, 0x0000000709800000, 0x0000000709a00000|  0%| F|  |TAMS 0x0000000709800000, 0x0000000709800000| Untracked 
|  59|0x0000000709a00000, 0x0000000709a00000, 0x0000000709c00000|  0%| F|  |TAMS 0x0000000709a00000, 0x0000000709a00000| Untracked 
|  60|0x0000000709c00000, 0x0000000709c00000, 0x0000000709e00000|  0%| F|  |TAMS 0x0000000709c00000, 0x0000000709c00000| Untracked 
|  61|0x0000000709e00000, 0x0000000709e00000, 0x000000070a000000|  0%| F|  |TAMS 0x0000000709e00000, 0x0000000709e00000| Untracked 
|  62|0x000000070a000000, 0x000000070a000000, 0x000000070a200000|  0%| F|  |TAMS 0x000000070a000000, 0x000000070a000000| Untracked 
|  63|0x000000070a200000, 0x000000070a200000, 0x000000070a400000|  0%| F|  |TAMS 0x000000070a200000, 0x000000070a200000| Untracked 
|  64|0x000000070a400000, 0x000000070a400000, 0x000000070a600000|  0%| F|  |TAMS 0x000000070a400000, 0x000000070a400000| Untracked 
|  65|0x000000070a600000, 0x000000070a600000, 0x000000070a800000|  0%| F|  |TAMS 0x000000070a600000, 0x000000070a600000| Untracked 
|  66|0x000000070a800000, 0x000000070a800000, 0x000000070aa00000|  0%| F|  |TAMS 0x000000070a800000, 0x000000070a800000| Untracked 
|  67|0x000000070aa00000, 0x000000070aa00000, 0x000000070ac00000|  0%| F|  |TAMS 0x000000070aa00000, 0x000000070aa00000| Untracked 
|  68|0x000000070ac00000, 0x000000070ac00000, 0x000000070ae00000|  0%| F|  |TAMS 0x000000070ac00000, 0x000000070ac00000| Untracked 
|  69|0x000000070ae00000, 0x000000070ae00000, 0x000000070b000000|  0%| F|  |TAMS 0x000000070ae00000, 0x000000070ae00000| Untracked 
|  70|0x000000070b000000, 0x000000070b000000, 0x000000070b200000|  0%| F|  |TAMS 0x000000070b000000, 0x000000070b000000| Untracked 
|  71|0x000000070b200000, 0x000000070b200000, 0x000000070b400000|  0%| F|  |TAMS 0x000000070b200000, 0x000000070b200000| Untracked 
|  72|0x000000070b400000, 0x000000070b400000, 0x000000070b600000|  0%| F|  |TAMS 0x000000070b400000, 0x000000070b400000| Untracked 
|  73|0x000000070b600000, 0x000000070b600000, 0x000000070b800000|  0%| F|  |TAMS 0x000000070b600000, 0x000000070b600000| Untracked 
|  74|0x000000070b800000, 0x000000070b800000, 0x000000070ba00000|  0%| F|  |TAMS 0x000000070b800000, 0x000000070b800000| Untracked 
|  75|0x000000070ba00000, 0x000000070ba00000, 0x000000070bc00000|  0%| F|  |TAMS 0x000000070ba00000, 0x000000070ba00000| Untracked 
|  76|0x000000070bc00000, 0x000000070bc00000, 0x000000070be00000|  0%| F|  |TAMS 0x000000070bc00000, 0x000000070bc00000| Untracked 
|  77|0x000000070be00000, 0x000000070be00000, 0x000000070c000000|  0%| F|  |TAMS 0x000000070be00000, 0x000000070be00000| Untracked 
|  78|0x000000070c000000, 0x000000070c000000, 0x000000070c200000|  0%| F|  |TAMS 0x000000070c000000, 0x000000070c000000| Untracked 
|  79|0x000000070c200000, 0x000000070c200000, 0x000000070c400000|  0%| F|  |TAMS 0x000000070c200000, 0x000000070c200000| Untracked 
|  80|0x000000070c400000, 0x000000070c400000, 0x000000070c600000|  0%| F|  |TAMS 0x000000070c400000, 0x000000070c400000| Untracked 
|  81|0x000000070c600000, 0x000000070c600000, 0x000000070c800000|  0%| F|  |TAMS 0x000000070c600000, 0x000000070c600000| Untracked 
|  82|0x000000070c800000, 0x000000070c800000, 0x000000070ca00000|  0%| F|  |TAMS 0x000000070c800000, 0x000000070c800000| Untracked 
|  83|0x000000070ca00000, 0x000000070ca00000, 0x000000070cc00000|  0%| F|  |TAMS 0x000000070ca00000, 0x000000070ca00000| Untracked 
|  84|0x000000070cc00000, 0x000000070cc00000, 0x000000070ce00000|  0%| F|  |TAMS 0x000000070cc00000, 0x000000070cc00000| Untracked 
|  85|0x000000070ce00000, 0x000000070ce00000, 0x000000070d000000|  0%| F|  |TAMS 0x000000070ce00000, 0x000000070ce00000| Untracked 
|  86|0x000000070d000000, 0x000000070d000000, 0x000000070d200000|  0%| F|  |TAMS 0x000000070d000000, 0x000000070d000000| Untracked 
|  87|0x000000070d200000, 0x000000070d200000, 0x000000070d400000|  0%| F|  |TAMS 0x000000070d200000, 0x000000070d200000| Untracked 
|  88|0x000000070d400000, 0x000000070d400000, 0x000000070d600000|  0%| F|  |TAMS 0x000000070d400000, 0x000000070d400000| Untracked 
|  89|0x000000070d600000, 0x000000070d600000, 0x000000070d800000|  0%| F|  |TAMS 0x000000070d600000, 0x000000070d600000| Untracked 
|  90|0x000000070d800000, 0x000000070d800000, 0x000000070da00000|  0%| F|  |TAMS 0x000000070d800000, 0x000000070d800000| Untracked 
|  91|0x000000070da00000, 0x000000070da00000, 0x000000070dc00000|  0%| F|  |TAMS 0x000000070da00000, 0x000000070da00000| Untracked 
|  92|0x000000070dc00000, 0x000000070dc00000, 0x000000070de00000|  0%| F|  |TAMS 0x000000070dc00000, 0x000000070dc00000| Untracked 
|  93|0x000000070de00000, 0x000000070de00000, 0x000000070e000000|  0%| F|  |TAMS 0x000000070de00000, 0x000000070de00000| Untracked 
|  94|0x000000070e000000, 0x000000070e000000, 0x000000070e200000|  0%| F|  |TAMS 0x000000070e000000, 0x000000070e000000| Untracked 
|  95|0x000000070e200000, 0x000000070e200000, 0x000000070e400000|  0%| F|  |TAMS 0x000000070e200000, 0x000000070e200000| Untracked 
|  96|0x000000070e400000, 0x000000070e400000, 0x000000070e600000|  0%| F|  |TAMS 0x000000070e400000, 0x000000070e400000| Untracked 
|  97|0x000000070e600000, 0x000000070e600000, 0x000000070e800000|  0%| F|  |TAMS 0x000000070e600000, 0x000000070e600000| Untracked 
|  98|0x000000070e800000, 0x000000070e800000, 0x000000070ea00000|  0%| F|  |TAMS 0x000000070e800000, 0x000000070e800000| Untracked 
|  99|0x000000070ea00000, 0x000000070ea00000, 0x000000070ec00000|  0%| F|  |TAMS 0x000000070ea00000, 0x000000070ea00000| Untracked 
| 100|0x000000070ec00000, 0x000000070ec00000, 0x000000070ee00000|  0%| F|  |TAMS 0x000000070ec00000, 0x000000070ec00000| Untracked 
| 101|0x000000070ee00000, 0x000000070ee00000, 0x000000070f000000|  0%| F|  |TAMS 0x000000070ee00000, 0x000000070ee00000| Untracked 
| 102|0x000000070f000000, 0x000000070f000000, 0x000000070f200000|  0%| F|  |TAMS 0x000000070f000000, 0x000000070f000000| Untracked 
| 103|0x000000070f200000, 0x000000070f200000, 0x000000070f400000|  0%| F|  |TAMS 0x000000070f200000, 0x000000070f200000| Untracked 
| 104|0x000000070f400000, 0x000000070f400000, 0x000000070f600000|  0%| F|  |TAMS 0x000000070f400000, 0x000000070f400000| Untracked 
| 105|0x000000070f600000, 0x000000070f600000, 0x000000070f800000|  0%| F|  |TAMS 0x000000070f600000, 0x000000070f600000| Untracked 
| 106|0x000000070f800000, 0x000000070f800000, 0x000000070fa00000|  0%| F|  |TAMS 0x000000070f800000, 0x000000070f800000| Untracked 
| 107|0x000000070fa00000, 0x000000070fa00000, 0x000000070fc00000|  0%| F|  |TAMS 0x000000070fa00000, 0x000000070fa00000| Untracked 
| 108|0x000000070fc00000, 0x000000070fc00000, 0x000000070fe00000|  0%| F|  |TAMS 0x000000070fc00000, 0x000000070fc00000| Untracked 
| 109|0x000000070fe00000, 0x000000070fe00000, 0x0000000710000000|  0%| F|  |TAMS 0x000000070fe00000, 0x000000070fe00000| Untracked 
| 110|0x0000000710000000, 0x0000000710000000, 0x0000000710200000|  0%| F|  |TAMS 0x0000000710000000, 0x0000000710000000| Untracked 
| 111|0x0000000710200000, 0x0000000710200000, 0x0000000710400000|  0%| F|  |TAMS 0x0000000710200000, 0x0000000710200000| Untracked 
| 112|0x0000000710400000, 0x0000000710400000, 0x0000000710600000|  0%| F|  |TAMS 0x0000000710400000, 0x0000000710400000| Untracked 
| 113|0x0000000710600000, 0x0000000710600000, 0x0000000710800000|  0%| F|  |TAMS 0x0000000710600000, 0x0000000710600000| Untracked 
| 114|0x0000000710800000, 0x0000000710800000, 0x0000000710a00000|  0%| F|  |TAMS 0x0000000710800000, 0x0000000710800000| Untracked 
| 115|0x0000000710a00000, 0x0000000710a00000, 0x0000000710c00000|  0%| F|  |TAMS 0x0000000710a00000, 0x0000000710a00000| Untracked 
| 116|0x0000000710c00000, 0x0000000710c00000, 0x0000000710e00000|  0%| F|  |TAMS 0x0000000710c00000, 0x0000000710c00000| Untracked 
| 117|0x0000000710e00000, 0x0000000710e00000, 0x0000000711000000|  0%| F|  |TAMS 0x0000000710e00000, 0x0000000710e00000| Untracked 
| 118|0x0000000711000000, 0x0000000711000000, 0x0000000711200000|  0%| F|  |TAMS 0x0000000711000000, 0x0000000711000000| Untracked 
| 119|0x0000000711200000, 0x0000000711200000, 0x0000000711400000|  0%| F|  |TAMS 0x0000000711200000, 0x0000000711200000| Untracked 
| 120|0x0000000711400000, 0x0000000711400000, 0x0000000711600000|  0%| F|  |TAMS 0x0000000711400000, 0x0000000711400000| Untracked 
| 121|0x0000000711600000, 0x0000000711600000, 0x0000000711800000|  0%| F|  |TAMS 0x0000000711600000, 0x0000000711600000| Untracked 
| 122|0x0000000711800000, 0x0000000711800000, 0x0000000711a00000|  0%| F|  |TAMS 0x0000000711800000, 0x0000000711800000| Untracked 
| 123|0x0000000711a00000, 0x0000000711a00000, 0x0000000711c00000|  0%| F|  |TAMS 0x0000000711a00000, 0x0000000711a00000| Untracked 
| 124|0x0000000711c00000, 0x0000000711da1e98, 0x0000000711e00000| 81%| E|  |TAMS 0x0000000711c00000, 0x0000000711c00000| Complete 
| 125|0x0000000711e00000, 0x0000000712000000, 0x0000000712000000|100%| E|CS|TAMS 0x0000000711e00000, 0x0000000711e00000| Complete 
| 126|0x0000000712000000, 0x0000000712200000, 0x0000000712200000|100%| E|CS|TAMS 0x0000000712000000, 0x0000000712000000| Complete 

Card table byte_map: [0x0000028e753c0000,0x0000028e75bb0000] _byte_map_base: 0x0000028e71bae000

Marking Bits (Prev, Next): (CMBitMap*) 0x0000028e620f1a20, (CMBitMap*) 0x0000028e620f1a60
 Prev Bits: [0x0000028e763a0000, 0x0000028e7a310000)
 Next Bits: [0x0000028e7a310000, 0x0000028e7e280000)

Polling page: 0x0000028e61880000

Metaspace:

Usage:
  Non-class:      8.53 MB capacity,     8.46 MB (>99%) used,    65.55 KB ( <1%) free+waste,     5.69 KB ( <1%) overhead. 
      Class:    855.00 KB capacity,   813.49 KB ( 95%) used,    39.63 KB (  5%) free+waste,     1.88 KB ( <1%) overhead. 
       Both:      9.37 MB capacity,     9.26 MB ( 99%) used,   105.19 KB (  1%) free+waste,     7.56 KB ( <1%) overhead. 

Virtual space:
  Non-class space:       10.00 MB reserved,       8.75 MB ( 88%) committed 
      Class space:        1.00 GB reserved,     896.00 KB ( <1%) committed 
             Both:        1.01 GB reserved,       9.62 MB ( <1%) committed 

Chunk freelists:
   Non-Class:  31.00 KB
       Class:  9.00 KB
        Both:  40.00 KB

MaxMetaspaceSize: 17179869184.00 GB
CompressedClassSpaceSize: 1.00 GB

CodeHeap 'non-profiled nmethods': size=120000Kb used=124Kb max_used=124Kb free=119875Kb
 bounds [0x0000028e6d590000, 0x0000028e6d800000, 0x0000028e74ac0000]
CodeHeap 'profiled nmethods': size=120000Kb used=551Kb max_used=551Kb free=119448Kb
 bounds [0x0000028e66060000, 0x0000028e662d0000, 0x0000028e6d590000]
CodeHeap 'non-nmethods': size=5760Kb used=1231Kb max_used=1250Kb free=4528Kb
 bounds [0x0000028e65ac0000, 0x0000028e65d30000, 0x0000028e66060000]
 total_blobs=805 nmethods=409 adapters=309
 compilation: enabled
              stopped_count=0, restarted_count=0
 full_count=0

Compilation events (20 events):
Event: 0.326 Thread 0x0000028e7f38ce90 nmethod 400 0x0000028e660e4190 code [0x0000028e660e44c0, 0x0000028e660e5618]
Event: 0.327 Thread 0x0000028e7f38ce90  402       3       sun.security.x509.X509CertImpl::getEncodedInternal (22 bytes)
Event: 0.327 Thread 0x0000028e7f38ce90 nmethod 402 0x0000028e660e5c10 code [0x0000028e660e5dc0, 0x0000028e660e5f88]
Event: 0.329 Thread 0x0000028e7f38ce90  403   !   3       java.security.cert.Certificate::equals (38 bytes)
Event: 0.330 Thread 0x0000028e7f38ce90 nmethod 403 0x0000028e660e6090 code [0x0000028e660e6300, 0x0000028e660e7088]
Event: 0.330 Thread 0x0000028e7f38ce90  404       3       sun.security.x509.X509CertImpl::getEncodedInternal (20 bytes)
Event: 0.330 Thread 0x0000028e7f38ce90 nmethod 404 0x0000028e660e7510 code [0x0000028e660e7700, 0x0000028e660e7c38]
Event: 0.330 Thread 0x0000028e7f38ce90  405       3       java.lang.StringConcatHelper::stringOf (20 bytes)
Event: 0.330 Thread 0x0000028e7f38ce90 nmethod 405 0x0000028e660e7d90 code [0x0000028e660e7f40, 0x0000028e660e8188]
Event: 0.331 Thread 0x0000028e7f38ce90  406       3       java.lang.Character::toLowerCase (9 bytes)
Event: 0.331 Thread 0x0000028e7f38ce90 nmethod 406 0x0000028e660e8290 code [0x0000028e660e8440, 0x0000028e660e8618]
Event: 0.331 Thread 0x0000028e7f38ce90  407       3       java.util.ArrayList::grow (60 bytes)
Event: 0.331 Thread 0x0000028e7f38ce90 nmethod 407 0x0000028e660e8710 code [0x0000028e660e8920, 0x0000028e660e9118]
Event: 0.339 Thread 0x0000028e7f366930 nmethod 396 0x0000028e6d5ae210 code [0x0000028e6d5ae3c0, 0x0000028e6d5af038]
Event: 63.163 Thread 0x0000028e7f38ce90  408       3       org.eclipse.jdt.launching.internal.org.objectweb.asm.ClassReader::readUnsignedShort (26 bytes)
Event: 63.164 Thread 0x0000028e7f38ce90 nmethod 408 0x0000028e660e9410 code [0x0000028e660e95a0, 0x0000028e660e9718]
Event: 63.164 Thread 0x0000028e7f38ce90  409       3       java.lang.StringUTF16::compress (20 bytes)
Event: 63.165 Thread 0x0000028e7f38ce90 

Event: 63.165 Thread 0x0000028e7f38ce90  410       3       java.lang.String::<init> (74 bytes)
Event: 63.166 Thread 0x0000028e7f38ce90 nmethod 410 0x0000028e660e9810 code [0x0000028e660e99e0, 0x0000028e660e9dd8]

GC Heap History (0 events):
No events

Deoptimization events (20 events):
Event: 0.234 Thread 0x0000028e620a21c0 Uncommon trap: trap_request=0xffffff45 fr.pc=0x0000028e6d59ce34 relative=0x0000000000000b54
Event: 0.234 Thread 0x0000028e620a21c0 Uncommon trap: reason=unstable_if action=reinterpret pc=0x0000028e6d59ce34 method=java.util.HashMap.putVal(ILjava/lang/Object;Ljava/lang/Object;ZZ)Ljava/lang/Object; @ 181 c2
Event: 0.234 Thread 0x0000028e620a21c0 DEOPT PACKING pc=0x0000028e6d59ce34 sp=0x000000ee129fe490
Event: 0.234 Thread 0x0000028e620a21c0 DEOPT UNPACKING pc=0x0000028e65b0e42f sp=0x000000ee129fe440 mode 2
Event: 0.275 Thread 0x0000028e620a21c0 Uncommon trap: trap_request=0xffffff45 fr.pc=0x0000028e6d5a3444 relative=0x0000000000000044
Event: 0.275 Thread 0x0000028e620a21c0 Uncommon trap: reason=unstable_if action=reinterpret pc=0x0000028e6d5a3444 method=java.lang.CharacterData.of(I)Ljava/lang/CharacterData; @ 4 c2
Event: 0.275 Thread 0x0000028e620a21c0 DEOPT PACKING pc=0x0000028e6d5a3444 sp=0x000000ee129fb2f0
Event: 0.275 Thread 0x0000028e620a21c0 DEOPT UNPACKING pc=0x0000028e65b0e42f sp=0x000000ee129fb290 mode 2
Event: 0.323 Thread 0x0000028e620a21c0 DEOPT PACKING pc=0x0000028e660d4b38 sp=0x000000ee129fbd50
Event: 0.323 Thread 0x0000028e620a21c0 DEOPT UNPACKING pc=0x0000028e65b0e23f sp=0x000000ee129fb218 mode 0
Event: 0.323 Thread 0x0000028e620a21c0 DEOPT PACKING pc=0x0000028e660d4b38 sp=0x000000ee129fbd50
Event: 0.323 Thread 0x0000028e620a21c0 DEOPT UNPACKING pc=0x0000028e65b0e23f sp=0x000000ee129fb218 mode 0
Event: 0.330 Thread 0x0000028e620a21c0 DEOPT PACKING pc=0x0000028e660d4b38 sp=0x000000ee129f7e60
Event: 0.330 Thread 0x0000028e620a21c0 DEOPT UNPACKING pc=0x0000028e65b0e23f sp=0x000000ee129f7328 mode 0
Event: 0.330 Thread 0x0000028e620a21c0 DEOPT PACKING pc=0x0000028e660d4b38 sp=0x000000ee129f7e60
Event: 0.330 Thread 0x0000028e620a21c0 DEOPT UNPACKING pc=0x0000028e65b0e23f sp=0x000000ee129f7328 mode 0
Event: 0.330 Thread 0x0000028e620a21c0 DEOPT PACKING pc=0x0000028e660d4b38 sp=0x000000ee129f7e60
Event: 0.330 Thread 0x0000028e620a21c0 DEOPT UNPACKING pc=0x0000028e65b0e23f sp=0x000000ee129f7328 mode 0
Event: 0.331 Thread 0x0000028e620a21c0 DEOPT PACKING pc=0x0000028e660d4b38 sp=0x000000ee129f7e60
Event: 0.331 Thread 0x0000028e620a21c0 DEOPT UNPACKING pc=0x0000028e65b0e23f sp=0x000000ee129f7328 mode 0

Classes unloaded (0 events):
No events

Classes redefined (2 events):
Event: 27.944 Thread 0x0000028e7f31a210 redefined class name=Ex0510_05, count=1
Event: 63.164 Thread 0x0000028e7f31a210 redefined class name=Ex0510_05, count=2

Internal exceptions (5 events):
Event: 0.231 Thread 0x0000028e620a21c0 Exception <a 'java/lang/NoSuchMethodError'{0x0000000711e3b460}: 'void java.lang.invoke.DirectMethodHandle$Holder.invokeStatic(java.lang.Object, java.lang.Object)'> (0x0000000711e3b460) 
thrown [./open/src/hotspot/share/interpreter/linkResolver.cpp, line 782]
Event: 0.232 Thread 0x0000028e620a21c0 Exception <a 'java/lang/NoSuchMethodError'{0x0000000711e3f108}: 'void java.lang.invoke.DirectMethodHandle$Holder.invokeStaticInit(java.lang.Object, java.lang.Object)'> (0x0000000711e3f108) 
thrown [./open/src/hotspot/share/interpreter/linkResolver.cpp, line 782]
Event: 0.280 Thread 0x0000028e620a21c0 Exception <a 'java/lang/NoSuchMethodError'{0x0000000711f620c0}: 'java.lang.Object java.lang.invoke.DirectMethodHandle$Holder.invokeStatic(java.lang.Object)'> (0x0000000711f620c0) 
thrown [./open/src/hotspot/share/interpreter/linkResolver.cpp, line 782]
Event: 0.281 Thread 0x0000028e620a21c0 Exception <a 'java/lang/NoSuchMethodError'{0x0000000711f65c80}: 'java.lang.Object java.lang.invoke.DirectMethodHandle$Holder.invokeStaticInit(java.lang.Object)'> (0x0000000711f65c80) 
thrown [./open/src/hotspot/share/interpreter/linkResolver.cpp, line 782]
Event: 0.281 Thread 0x0000028e620a21c0 Exception <a 'java/lang/NoSuchMethodError'{0x0000000711f6c168}: 'java.lang.Object java.lang.invoke.Invokers$Holder.invoke_MT(java.lang.Object, java.lang.Object, java.lang.Object)'> (0x0000000711f6c168) 
thrown [./open/src/hotspot/share/interpreter/linkResolver.cpp, line 782]

Events (20 events):
Event: 5.333 Thread 0x0000028e02098530 Thread exited: 0x0000028e02098530
Event: 27.944 Executing VM operation: RedefineClasses
Event: 27.947 Executing VM operation: RedefineClasses done
Event: 27.947 Executing VM operation: GetFrameCount
Event: 27.947 Executing VM operation: GetFrameCount done
Event: 27.947 Executing VM operation: GetStackTrace
Event: 27.947 Executing VM operation: GetStackTrace done
Event: 27.979 Executing VM operation: GetFrameCount
Event: 27.979 Executing VM operation: GetFrameCount done
Event: 47.001 Executing VM operation: GetFrameCount
Event: 47.001 Executing VM operation: GetFrameCount done
Event: 60.556 Executing VM operation: ChangeBreakpoints
Event: 60.556 Executing VM operation: ChangeBreakpoints done
Event: 63.164 Executing VM operation: RedefineClasses
Event: 63.165 Executing VM operation: RedefineClasses done
Event: 63.169 Executing VM operation: ChangeBreakpoints
Event: 63.169 Executing VM operation: ChangeBreakpoints done
Event: 63.170 Executing VM operation: GetFrameCount
Event: 63.170 Executing VM operation: GetFrameCount done
Event: 63.170 Executing VM operation: GetStackTrace


Dynamic libraries:
0x00007ff6b5420000 - 0x00007ff6b542d000 	C:\프로그램\sts-4.10.0.RELEASE\plugins\org.eclipse.justj.openjdk.hotspot.jre.full.win32.x86_64_15.0.2.v20210201-0955\jre\bin\javaw.exe
0x00007ff991a10000 - 0x00007ff991c05000 	C:\WINDOWS\SYSTEM32\ntdll.dll
0x00007ff991040000 - 0x00007ff9910fd000 	C:\WINDOWS\System32\KERNEL32.DLL
0x00007ff98f590000 - 0x00007ff98f858000 	C:\WINDOWS\System32\KERNELBASE.dll
0x00007ff98f490000 - 0x00007ff98f590000 	C:\WINDOWS\System32\ucrtbase.dll
0x00007ff977af0000 - 0x00007ff977b08000 	C:\프로그램\sts-4.10.0.RELEASE\plugins\org.eclipse.justj.openjdk.hotspot.jre.full.win32.x86_64_15.0.2.v20210201-0955\jre\bin\jli.dll
0x00007ff977a70000 - 0x00007ff977a89000 	C:\프로그램\sts-4.10.0.RELEASE\plugins\org.eclipse.justj.openjdk.hotspot.jre.full.win32.x86_64_15.0.2.v20210201-0955\jre\bin\VCRUNTIME140.dll
0x00007ff98fc70000 - 0x00007ff98fe10000 	C:\WINDOWS\System32\USER32.dll
0x00007ff96c750000 - 0x00007ff96c9ea000 	C:\WINDOWS\WinSxS\amd64_microsoft.windows.common-controls_6595b64144ccf1df_6.0.19041.844_none_ca00b6081b84eb1d\COMCTL32.dll
0x00007ff98f8e0000 - 0x00007ff98f902000 	C:\WINDOWS\System32\win32u.dll
0x00007ff991830000 - 0x00007ff9918ce000 	C:\WINDOWS\System32\msvcrt.dll
0x00007ff990b40000 - 0x00007ff990b6a000 	C:\WINDOWS\System32\GDI32.dll
0x00007ff98f280000 - 0x00007ff98f38b000 	C:\WINDOWS\System32\gdi32full.dll
0x00007ff98f3f0000 - 0x00007ff98f48d000 	C:\WINDOWS\System32\msvcp_win.dll
0x00007ff9919a0000 - 0x00007ff9919d0000 	C:\WINDOWS\System32\IMM32.DLL
0x00007ff98a670000 - 0x00007ff98a67c000 	C:\프로그램\sts-4.10.0.RELEASE\plugins\org.eclipse.justj.openjdk.hotspot.jre.full.win32.x86_64_15.0.2.v20210201-0955\jre\bin\vcruntime140_1.dll
0x00007ff96afa0000 - 0x00007ff96b031000 	C:\프로그램\sts-4.10.0.RELEASE\plugins\org.eclipse.justj.openjdk.hotspot.jre.full.win32.x86_64_15.0.2.v20210201-0955\jre\bin\msvcp140.dll
0x00007ff93b1e0000 - 0x00007ff93bd3e000 	C:\프로그램\sts-4.10.0.RELEASE\plugins\org.eclipse.justj.openjdk.hotspot.jre.full.win32.x86_64_15.0.2.v20210201-0955\jre\bin\server\jvm.dll
0x00007ff991780000 - 0x00007ff99182c000 	C:\WINDOWS\System32\ADVAPI32.dll
0x00007ff98fb40000 - 0x00007ff98fbdb000 	C:\WINDOWS\System32\sechost.dll
0x00007ff990a10000 - 0x00007ff990b3b000 	C:\WINDOWS\System32\RPCRT4.dll
0x00007ff9906b0000 - 0x00007ff9906b8000 	C:\WINDOWS\System32\PSAPI.DLL
0x00007ff981f40000 - 0x00007ff981f67000 	C:\WINDOWS\SYSTEM32\WINMM.dll
0x00007ff982e00000 - 0x00007ff982e09000 	C:\WINDOWS\SYSTEM32\WSOCK32.dll
0x00007ff989860000 - 0x00007ff98986a000 	C:\WINDOWS\SYSTEM32\VERSION.dll
0x00007ff991930000 - 0x00007ff99199b000 	C:\WINDOWS\System32\WS2_32.dll
0x00007ff98d0b0000 - 0x00007ff98d0c2000 	C:\WINDOWS\SYSTEM32\kernel.appcore.dll
0x00007ff9869a0000 - 0x00007ff9869aa000 	C:\프로그램\sts-4.10.0.RELEASE\plugins\org.eclipse.justj.openjdk.hotspot.jre.full.win32.x86_64_15.0.2.v20210201-0955\jre\bin\jimage.dll
0x00007ff97da20000 - 0x00007ff97dc04000 	C:\WINDOWS\SYSTEM32\DBGHELP.DLL
0x00007ff982710000 - 0x00007ff98273c000 	C:\WINDOWS\SYSTEM32\dbgcore.DLL
0x00007ff98f860000 - 0x00007ff98f8e0000 	C:\WINDOWS\System32\bcryptPrimitives.dll
0x00007ff9700a0000 - 0x00007ff9700d9000 	C:\프로그램\sts-4.10.0.RELEASE\plugins\org.eclipse.justj.openjdk.hotspot.jre.full.win32.x86_64_15.0.2.v20210201-0955\jre\bin\jdwp.dll
0x00007ff986980000 - 0x00007ff98698e000 	C:\프로그램\sts-4.10.0.RELEASE\plugins\org.eclipse.justj.openjdk.hotspot.jre.full.win32.x86_64_15.0.2.v20210201-0955\jre\bin\instrument.dll
0x00007ff96af70000 - 0x00007ff96af95000 	C:\프로그램\sts-4.10.0.RELEASE\plugins\org.eclipse.justj.openjdk.hotspot.jre.full.win32.x86_64_15.0.2.v20210201-0955\jre\bin\java.dll
0x00007ff9733f0000 - 0x00007ff973408000 	C:\프로그램\sts-4.10.0.RELEASE\plugins\org.eclipse.justj.openjdk.hotspot.jre.full.win32.x86_64_15.0.2.v20210201-0955\jre\bin\zip.dll
0x00007ff98ff60000 - 0x00007ff9906a2000 	C:\WINDOWS\System32\SHELL32.dll
0x00007ff98d2b0000 - 0x00007ff98da41000 	C:\WINDOWS\SYSTEM32\windows.storage.dll
0x00007ff990c80000 - 0x00007ff990fd5000 	C:\WINDOWS\System32\combase.dll
0x00007ff98eaf0000 - 0x00007ff98eb1c000 	C:\WINDOWS\SYSTEM32\Wldp.dll
0x00007ff9906c0000 - 0x00007ff99076e000 	C:\WINDOWS\System32\SHCORE.dll
0x00007ff990930000 - 0x00007ff990985000 	C:\WINDOWS\System32\shlwapi.dll
0x00007ff98f090000 - 0x00007ff98f0af000 	C:\WINDOWS\SYSTEM32\profapi.dll
0x00007ff982670000 - 0x00007ff98267b000 	C:\프로그램\sts-4.10.0.RELEASE\plugins\org.eclipse.justj.openjdk.hotspot.jre.full.win32.x86_64_15.0.2.v20210201-0955\jre\bin\dt_socket.dll
0x00007ff98e550000 - 0x00007ff98e58b000 	C:\WINDOWS\SYSTEM32\IPHLPAPI.DLL
0x00007ff98e860000 - 0x00007ff98e8ca000 	C:\WINDOWS\system32\mswsock.dll
0x00007ff98e590000 - 0x00007ff98e65c000 	C:\WINDOWS\SYSTEM32\DNSAPI.dll
0x00007ff98ff30000 - 0x00007ff98ff38000 	C:\WINDOWS\System32\NSI.dll
0x00007ff9883c0000 - 0x00007ff9883ca000 	C:\Windows\System32\rasadhlp.dll
0x00007ff9882f0000 - 0x00007ff98836f000 	C:\WINDOWS\System32\fwpuclnt.dll
0x00007ff98f250000 - 0x00007ff98f277000 	C:\WINDOWS\System32\bcrypt.dll
0x00007ff972c00000 - 0x00007ff972c19000 	C:\프로그램\sts-4.10.0.RELEASE\plugins\org.eclipse.justj.openjdk.hotspot.jre.full.win32.x86_64_15.0.2.v20210201-0955\jre\bin\net.dll
0x00007ff9887e0000 - 0x00007ff9888eb000 	C:\WINDOWS\SYSTEM32\WINHTTP.dll
0x00007ff970aa0000 - 0x00007ff970ab2000 	C:\프로그램\sts-4.10.0.RELEASE\plugins\org.eclipse.justj.openjdk.hotspot.jre.full.win32.x86_64_15.0.2.v20210201-0955\jre\bin\nio.dll
0x00007ff981c60000 - 0x00007ff981c70000 	C:\프로그램\sts-4.10.0.RELEASE\plugins\org.eclipse.justj.openjdk.hotspot.jre.full.win32.x86_64_15.0.2.v20210201-0955\jre\bin\verify.dll

dbghelp: loaded successfully - version: 4.0.5 - missing functions: none
symbol engine: initialized successfully - sym options: 0x614 - pdb path: .;C:\프로그램\sts-4.10.0.RELEASE\plugins\org.eclipse.justj.openjdk.hotspot.jre.full.win32.x86_64_15.0.2.v20210201-0955\jre\bin;C:\WINDOWS\SYSTEM32;C:\WINDOWS\WinSxS\amd64_microsoft.windows.common-controls_6595b64144ccf1df_6.0.19041.844_none_ca00b6081b84eb1d;C:\프로그램\sts-4.10.0.RELEASE\plugins\org.eclipse.justj.openjdk.hotspot.jre.full.win32.x86_64_15.0.2.v20210201-0955\jre\bi;C:\프로그램\sts-4.10.0.RELEASE\plugins\org.eclipse.justj.openjdk.hotspot.jre.full.win32.x86_64_15.0.2.v20210201-0955\jr;C:\프로그램\sts-4.10.0.RELEASE\plugins\org.eclipse.justj.openjdk.hotspot.jre.full.win32.x86_64_15.0.2.v20210201-095;C:\프로그램\sts-4.10.0.RELEASE\plugins\org.eclipse.justj.openjdk.hotspot.jre.full.win32.x86_64_15.0.2.v20210201;C:\프로그램\sts-4.10.0.RELEASE\plugins\org.eclipse.justj.openjdk.hotspot.jre.full.win32.x86_64_15.0.2.v2021;C:\프로그램\sts-4.10.0.RELEASE\plugins\org.eclipse.justj.openjdk.hotspot.jre.full.win32.x86_64_15.0.2.v;C:\프로그램\sts-4.10.0.RELEASE\plugins\org.eclipse.justj.openjdk.hotspot.jre.full.win32.x86_64_15.0

VM Arguments:
jvm_args: -XX:+ShowCodeDetailsInExceptionMessages -agentlib:jdwp=transport=dt_socket,suspend=y,address=localhost:65238 -javaagent:C:\eclipse\configuration\org.eclipse.osgi\412\0\.cp\lib\javaagent-shaded.jar -Dfile.encoding=utf-8 
java_command: Ex0510_05
java_class_path (initial): C:\workspace\p0510_01\bin
Launcher Type: SUN_STANDARD

[Global flags]
     intx CICompilerCount                          = 3                                         {product} {ergonomic}
     uint ConcGCThreads                            = 2                                         {product} {ergonomic}
     uint G1ConcRefinementThreads                  = 6                                         {product} {ergonomic}
   size_t G1HeapRegionSize                         = 2097152                                   {product} {ergonomic}
    uintx GCDrainStackTargetSize                   = 64                                        {product} {ergonomic}
   size_t InitialHeapSize                          = 266338304                                 {product} {ergonomic}
   size_t MarkStackSize                            = 4194304                                   {product} {ergonomic}
   size_t MaxHeapSize                              = 4257218560                                {product} {ergonomic}
   size_t MaxNewSize                               = 2554331136                                {product} {ergonomic}
   size_t MinHeapDeltaBytes                        = 2097152                                   {product} {ergonomic}
   size_t MinHeapSize                              = 8388608                                   {product} {ergonomic}
    uintx NonNMethodCodeHeapSize                   = 5832780                                {pd product} {ergonomic}
    uintx NonProfiledCodeHeapSize                  = 122912730                              {pd product} {ergonomic}
    uintx ProfiledCodeHeapSize                     = 122912730                              {pd product} {ergonomic}
    uintx ReservedCodeCacheSize                    = 251658240                              {pd product} {ergonomic}
     bool SegmentedCodeCache                       = true                                      {product} {ergonomic}
     bool ShowCodeDetailsInExceptionMessages       = true                                   {manageable} {command line}
   size_t SoftMaxHeapSize                          = 4257218560                             {manageable} {ergonomic}
     bool UseCompressedClassPointers               = true                                 {lp64_product} {ergonomic}
     bool UseCompressedOops                        = true                                 {lp64_product} {ergonomic}
     bool UseG1GC                                  = true                                      {product} {ergonomic}
     bool UseLargePagesIndividualAllocation        = false                                  {pd product} {ergonomic}

Logging:
Log output configuration:
 #0: stdout all=warning uptime,level,tags
 #1: stderr all=off uptime,level,tags

Environment Variables:
PATH=C:\프로그램\sts-4.10.0.RELEASE\plugins\org.eclipse.justj.openjdk.hotspot.jre.full.win32.x86_64_15.0.2.v20210201-0955\jre\bin;C:/eclipse//plugins/org.eclipse.justj.openjdk.hotspot.jre.full.win32.x86_64_15.0.2.v20210201-0955/jre/bin/server;C:/eclipse//plugins/org.eclipse.justj.openjdk.hotspot.jre.full.win32.x86_64_15.0.2.v20210201-0955/jre/bin;C:\Program Files (x86)\Common Files\Oracle\Java\javapath;C:\WINDOWS\system32;C:\WINDOWS;C:\WINDOWS\System32\Wbem;C:\WINDOWS\System32\WindowsPowerShell\v1.0\;C:\WINDOWS\System32\OpenSSH\;C:\jbk18\bin;C:\Program Files\nodejs\;C:\Program Files\MySQL\MySQL Shell 8.0\bin\;C:\Python\Python39\Scripts\;C:\Python\Python39\;C:\Users\com\AppData\Local\Microsoft\WindowsApps;C:\Program Files\Bandizip\;C:\Users\com\AppData\Local\Programs\Microsoft VS Code\bin;C:\Python38;C:\Python38\Scripts;;C:\Program Files\JetBrains\PyCharm Community Edition 2021.1\bin;;C:\Users\com\AppData\Roaming\npm;C:\eclipse;
USERNAME=com
OS=Windows_NT
PROCESSOR_IDENTIFIER=Intel64 Family 6 Model 158 Stepping 10, GenuineIntel



---------------  S Y S T E M  ---------------

OS:
 Windows 10 , 64 bit Build 19041 (10.0.19041.928)
OS uptime: 24 days 8:00 hours

CPU: total 6 (initial active 6) (6 cores per cpu, 1 threads per core) family 6 model 158 stepping 10 microcode 0xb4, cmov, cx8, fxsr, mmx, sse, sse2, sse3, ssse3, sse4.1, sse4.2, popcnt, vzeroupper, avx, avx2, aes, clmul, erms, 3dnowpref, lzcnt, tsc, tscinvbit, bmi1, bmi2, adx, fma, clflush, clflushopt

Memory: 4k page, system-wide physical 16236M (8335M free)
TotalPageFile size 18668M (AvailPageFile size 7165M)
current process WorkingSet (physical memory assigned to process): 46M, peak: 48M
current process commit charge ("private bytes"): 338M, peak: 341M

vm_info: OpenJDK 64-Bit Server VM (15.0.2+7-27) for windows-amd64 JRE (15.0.2+7-27), built on Dec  7 2020 20:02:38 by "mach5one" with unknown MS VC++:1925

END.
